<?xml version="1.0" encoding="UTF-8"?>
<!-- Generated by org.testng.reporters.JUnitReportReporter -->
<testsuite hostname="DESKTOP-6IQVTMI" failures="0" tests="1" name="Conexion.ConnectionTest" time="0,453" errors="0" timestamp="16 Jan 2024 08:25:30 GMT">
  <testcase classname="Conexion.ConnectionTest" name="f" time="0,453"/>
</testsuite>
